<?xml version="1.0" encoding="UTF-8"?>
<coverage generated="1610188994056" clover="3.2.0">
  <project timestamp="1610188994056" name="All files">
    <metrics statements="21" coveredstatements="16" conditionals="0" coveredconditionals="0" methods="13" coveredmethods="7" elements="34" coveredelements="23" complexity="0" loc="21" ncloc="21" packages="5" files="5" classes="5"/>
    <package name="CollectionItem">
      <metrics statements="6" coveredstatements="5" conditionals="0" coveredconditionals="0" methods="4" coveredmethods="2"/>
      <file name="CollectionItem.js" path="C:\Users\admin\Desktop\ztm\04_react\02_Master_Project\crwn-clothing\client\src\components\CollectionItem\CollectionItem.js">
        <metrics statements="6" coveredstatements="5" conditionals="0" coveredconditionals="0" methods="4" coveredmethods="2"/>
        <line num="14" count="3" type="stmt"/>
        <line num="15" count="5" type="stmt"/>
        <line num="16" count="5" type="stmt"/>
        <line num="27" count="1" type="stmt"/>
        <line num="34" count="3" type="stmt"/>
        <line num="35" count="0" type="stmt"/>
      </file>
    </package>
    <package name="CollectionPreview">
      <metrics statements="5" coveredstatements="3" conditionals="0" coveredconditionals="0" methods="4" coveredmethods="2"/>
      <file name="CollectionPreview.js" path="C:\Users\admin\Desktop\ztm\04_react\02_Master_Project\crwn-clothing\client\src\components\CollectionPreview\CollectionPreview.js">
        <metrics statements="5" coveredstatements="3" conditionals="0" coveredconditionals="0" methods="4" coveredmethods="2"/>
        <line num="10" count="2" type="stmt"/>
        <line num="11" count="2" type="stmt"/>
        <line num="14" count="1" type="stmt"/>
        <line num="19" count="0" type="stmt"/>
        <line num="21" count="0" type="stmt"/>
      </file>
    </package>
    <package name="CollectionsOverview">
      <metrics statements="4" coveredstatements="3" conditionals="0" coveredconditionals="0" methods="2" coveredmethods="1"/>
      <file name="CollectionsOverview.js" path="C:\Users\admin\Desktop\ztm\04_react\02_Master_Project\crwn-clothing\client\src\components\CollectionsOverview\CollectionsOverview.js">
        <metrics statements="4" coveredstatements="3" conditionals="0" coveredconditionals="0" methods="2" coveredmethods="1"/>
        <line num="9" count="1" type="stmt"/>
        <line num="10" count="1" type="stmt"/>
        <line num="12" count="0" type="stmt"/>
        <line num="17" count="1" type="stmt"/>
      </file>
    </package>
    <package name="CustomButton">
      <metrics statements="2" coveredstatements="2" conditionals="0" coveredconditionals="0" methods="1" coveredmethods="1"/>
      <file name="CustomButton.js" path="C:\Users\admin\Desktop\ztm\04_react\02_Master_Project\crwn-clothing\client\src\components\CustomButton\CustomButton.js">
        <metrics statements="2" coveredstatements="2" conditionals="0" coveredconditionals="0" methods="1" coveredmethods="1"/>
        <line num="3" count="4" type="stmt"/>
        <line num="4" count="2" type="stmt"/>
      </file>
    </package>
    <package name="Directory">
      <metrics statements="4" coveredstatements="3" conditionals="0" coveredconditionals="0" methods="2" coveredmethods="1"/>
      <file name="Directory.js" path="C:\Users\admin\Desktop\ztm\04_react\02_Master_Project\crwn-clothing\client\src\components\Directory\Directory.js">
        <metrics statements="4" coveredstatements="3" conditionals="0" coveredconditionals="0" methods="2" coveredmethods="1"/>
        <line num="9" count="1" type="stmt"/>
        <line num="10" count="1" type="stmt"/>
        <line num="12" count="0" type="stmt"/>
        <line num="17" count="1" type="stmt"/>
      </file>
    </package>
  </project>
</coverage>
