{"C:\\Users\\admin\\Desktop\\ztm\\04_react\\02_Master_Project\\crwn-clothing\\client\\src\\components\\CartDropdown\\CartDropdown.js": {"path":"C:\\Users\\admin\\Desktop\\ztm\\04_react\\02_Master_Project\\crwn-clothing\\client\\src\\components\\CartDropdown\\CartDropdown.js","statementMap":{"0":{"start":{"line":16,"column":28},"end":{"line":35,"column":1}},"1":{"start":{"line":17,"column":2},"end":{"line":34,"column":26}},"2":{"start":{"line":20,"column":36},"end":{"line":20,"column":82}},"3":{"start":{"line":29,"column":8},"end":{"line":29,"column":34}},"4":{"start":{"line":30,"column":8},"end":{"line":30,"column":37}},"5":{"start":{"line":37,"column":24},"end":{"line":39,"column":2}}},"fnMap":{"0":{"name":"(anonymous_0)","decl":{"start":{"line":16,"column":28},"end":{"line":16,"column":29}},"loc":{"start":{"line":17,"column":2},"end":{"line":34,"column":26}},"line":17},"1":{"name":"(anonymous_1)","decl":{"start":{"line":20,"column":22},"end":{"line":20,"column":23}},"loc":{"start":{"line":20,"column":36},"end":{"line":20,"column":82}},"line":20},"2":{"name":"(anonymous_2)","decl":{"start":{"line":28,"column":15},"end":{"line":28,"column":16}},"loc":{"start":{"line":28,"column":21},"end":{"line":31,"column":7}},"line":28}},"branchMap":{"0":{"loc":{"start":{"line":19,"column":7},"end":{"line":23,"column":7}},"type":"cond-expr","locations":[{"start":{"line":20,"column":8},"end":{"line":20,"column":83}},{"start":{"line":22,"column":8},"end":{"line":22,"column":73}}],"line":19}},"s":{"0":2,"1":5,"2":12,"3":1,"4":1,"5":2},"f":{"0":5,"1":12,"2":1},"b":{"0":[4,1]},"_coverageSchema":"1a1c01bbd47fc00a2c39e90264f33305004495a9","hash":"94ce88427fa4fcdff41feb24842dbe6cde77607d"}
,"C:\\Users\\admin\\Desktop\\ztm\\04_react\\02_Master_Project\\crwn-clothing\\client\\src\\components\\CartDropdown\\CartDropdownStyles.js": {"path":"C:\\Users\\admin\\Desktop\\ztm\\04_react\\02_Master_Project\\crwn-clothing\\client\\src\\components\\CartDropdown\\CartDropdownStyles.js","statementMap":{"0":{"start":{"line":5,"column":37},"end":{"line":17,"column":1}},"1":{"start":{"line":19,"column":34},"end":{"line":21,"column":1}},"2":{"start":{"line":23,"column":0},"end":{"line":23,"column":54}},"3":{"start":{"line":25,"column":37},"end":{"line":28,"column":1}},"4":{"start":{"line":30,"column":0},"end":{"line":30,"column":60}},"5":{"start":{"line":32,"column":33},"end":{"line":37,"column":1}}},"fnMap":{},"branchMap":{},"s":{"0":2,"1":2,"2":2,"3":2,"4":2,"5":2},"f":{},"b":{},"_coverageSchema":"1a1c01bbd47fc00a2c39e90264f33305004495a9","hash":"a885fbb993f592693cdeaf19f2c6f92926e14156"}
,"C:\\Users\\admin\\Desktop\\ztm\\04_react\\02_Master_Project\\crwn-clothing\\client\\src\\components\\CartIcon\\CartIcon.js": {"path":"C:\\Users\\admin\\Desktop\\ztm\\04_react\\02_Master_Project\\crwn-clothing\\client\\src\\components\\CartIcon\\CartIcon.js","statementMap":{"0":{"start":{"line":9,"column":24},"end":{"line":14,"column":1}},"1":{"start":{"line":10,"column":2},"end":{"line":13,"column":22}},"2":{"start":{"line":16,"column":27},"end":{"line":18,"column":2}},"3":{"start":{"line":16,"column":42},"end":{"line":18,"column":1}},"4":{"start":{"line":17,"column":26},"end":{"line":17,"column":54}},"5":{"start":{"line":20,"column":24},"end":{"line":22,"column":2}}},"fnMap":{"0":{"name":"(anonymous_0)","decl":{"start":{"line":9,"column":24},"end":{"line":9,"column":25}},"loc":{"start":{"line":10,"column":2},"end":{"line":13,"column":22}},"line":10},"1":{"name":"(anonymous_1)","decl":{"start":{"line":16,"column":27},"end":{"line":16,"column":28}},"loc":{"start":{"line":16,"column":42},"end":{"line":18,"column":1}},"line":16},"2":{"name":"(anonymous_2)","decl":{"start":{"line":17,"column":20},"end":{"line":17,"column":21}},"loc":{"start":{"line":17,"column":26},"end":{"line":17,"column":54}},"line":17}},"branchMap":{},"s":{"0":2,"1":3,"2":2,"3":0,"4":0,"5":2},"f":{"0":3,"1":0,"2":0},"b":{},"_coverageSchema":"1a1c01bbd47fc00a2c39e90264f33305004495a9","hash":"796b2e5038ad4b3ab7297edb15d58e24c918b77a"}
,"C:\\Users\\admin\\Desktop\\ztm\\04_react\\02_Master_Project\\crwn-clothing\\client\\src\\components\\CartIcon\\CartIconStyled.js": {"path":"C:\\Users\\admin\\Desktop\\ztm\\04_react\\02_Master_Project\\crwn-clothing\\client\\src\\components\\CartIcon\\CartIconStyled.js","statementMap":{"0":{"start":{"line":5,"column":33},"end":{"line":13,"column":1}},"1":{"start":{"line":15,"column":0},"end":{"line":15,"column":52}},"2":{"start":{"line":17,"column":28},"end":{"line":20,"column":1}},"3":{"start":{"line":22,"column":34},"end":{"line":27,"column":1}},"4":{"start":{"line":29,"column":0},"end":{"line":29,"column":54}}},"fnMap":{},"branchMap":{},"s":{"0":2,"1":2,"2":2,"3":2,"4":2},"f":{},"b":{},"_coverageSchema":"1a1c01bbd47fc00a2c39e90264f33305004495a9","hash":"0492519ef74da6ecccd17b9fef6ca4d5b8e92054"}
,"C:\\Users\\admin\\Desktop\\ztm\\04_react\\02_Master_Project\\crwn-clothing\\client\\src\\components\\CartItem\\CartItem.js": {"path":"C:\\Users\\admin\\Desktop\\ztm\\04_react\\02_Master_Project\\crwn-clothing\\client\\src\\components\\CartItem\\CartItem.js","statementMap":{"0":{"start":{"line":4,"column":24},"end":{"line":14,"column":1}},"1":{"start":{"line":5,"column":2},"end":{"line":13,"column":22}}},"fnMap":{"0":{"name":"(anonymous_0)","decl":{"start":{"line":4,"column":24},"end":{"line":4,"column":25}},"loc":{"start":{"line":5,"column":2},"end":{"line":13,"column":22}},"line":5}},"branchMap":{},"s":{"0":3,"1":4},"f":{"0":4},"b":{},"_coverageSchema":"1a1c01bbd47fc00a2c39e90264f33305004495a9","hash":"0db8787f0704ba316fff58b0cec316a08385ccde"}
,"C:\\Users\\admin\\Desktop\\ztm\\04_react\\02_Master_Project\\crwn-clothing\\client\\src\\components\\CheckoutItem\\CheckoutItem.js": {"path":"C:\\Users\\admin\\Desktop\\ztm\\04_react\\02_Master_Project\\crwn-clothing\\client\\src\\components\\CheckoutItem\\CheckoutItem.js","statementMap":{"0":{"start":{"line":13,"column":28},"end":{"line":31,"column":1}},"1":{"start":{"line":14,"column":46},"end":{"line":14,"column":54}},"2":{"start":{"line":16,"column":2},"end":{"line":30,"column":4}},"3":{"start":{"line":23,"column":28},"end":{"line":23,"column":48}},"4":{"start":{"line":25,"column":28},"end":{"line":25,"column":45}},"5":{"start":{"line":28,"column":44},"end":{"line":28,"column":63}},"6":{"start":{"line":33,"column":27},"end":{"line":37,"column":2}},"7":{"start":{"line":33,"column":42},"end":{"line":37,"column":1}},"8":{"start":{"line":34,"column":23},"end":{"line":34,"column":56}},"9":{"start":{"line":35,"column":21},"end":{"line":35,"column":44}},"10":{"start":{"line":36,"column":24},"end":{"line":36,"column":50}}},"fnMap":{"0":{"name":"(anonymous_0)","decl":{"start":{"line":13,"column":28},"end":{"line":13,"column":29}},"loc":{"start":{"line":13,"column":78},"end":{"line":31,"column":1}},"line":13},"1":{"name":"(anonymous_1)","decl":{"start":{"line":23,"column":22},"end":{"line":23,"column":23}},"loc":{"start":{"line":23,"column":28},"end":{"line":23,"column":48}},"line":23},"2":{"name":"(anonymous_2)","decl":{"start":{"line":25,"column":22},"end":{"line":25,"column":23}},"loc":{"start":{"line":25,"column":28},"end":{"line":25,"column":45}},"line":25},"3":{"name":"(anonymous_3)","decl":{"start":{"line":28,"column":38},"end":{"line":28,"column":39}},"loc":{"start":{"line":28,"column":44},"end":{"line":28,"column":63}},"line":28},"4":{"name":"(anonymous_4)","decl":{"start":{"line":33,"column":27},"end":{"line":33,"column":28}},"loc":{"start":{"line":33,"column":42},"end":{"line":37,"column":1}},"line":33},"5":{"name":"(anonymous_5)","decl":{"start":{"line":34,"column":13},"end":{"line":34,"column":14}},"loc":{"start":{"line":34,"column":23},"end":{"line":34,"column":56}},"line":34},"6":{"name":"(anonymous_6)","decl":{"start":{"line":35,"column":11},"end":{"line":35,"column":12}},"loc":{"start":{"line":35,"column":21},"end":{"line":35,"column":44}},"line":35},"7":{"name":"(anonymous_7)","decl":{"start":{"line":36,"column":14},"end":{"line":36,"column":15}},"loc":{"start":{"line":36,"column":24},"end":{"line":36,"column":50}},"line":36}},"branchMap":{},"s":{"0":1,"1":4,"2":4,"3":1,"4":1,"5":1,"6":1,"7":0,"8":0,"9":0,"10":0},"f":{"0":4,"1":1,"2":1,"3":1,"4":0,"5":0,"6":0,"7":0},"b":{},"_coverageSchema":"1a1c01bbd47fc00a2c39e90264f33305004495a9","hash":"34786ff6dccb158c7c38240f27e80ea4efc86542"}
,"C:\\Users\\admin\\Desktop\\ztm\\04_react\\02_Master_Project\\crwn-clothing\\client\\src\\components\\CheckoutItem\\CheckoutItemStyles.js": {"path":"C:\\Users\\admin\\Desktop\\ztm\\04_react\\02_Master_Project\\crwn-clothing\\client\\src\\components\\CheckoutItem\\CheckoutItemStyles.js","statementMap":{"0":{"start":{"line":3,"column":37},"end":{"line":15,"column":1}},"1":{"start":{"line":17,"column":30},"end":{"line":25,"column":1}},"2":{"start":{"line":27,"column":29},"end":{"line":33,"column":1}},"3":{"start":{"line":35,"column":33},"end":{"line":46,"column":1}},"4":{"start":{"line":48,"column":0},"end":{"line":48,"column":52}},"5":{"start":{"line":50,"column":37},"end":{"line":53,"column":1}},"6":{"start":{"line":55,"column":0},"end":{"line":55,"column":60}}},"fnMap":{},"branchMap":{},"s":{"0":1,"1":1,"2":1,"3":1,"4":1,"5":1,"6":1},"f":{},"b":{},"_coverageSchema":"1a1c01bbd47fc00a2c39e90264f33305004495a9","hash":"3af4b5c173029a704e6634bc0a76d90f85256c4d"}
,"C:\\Users\\admin\\Desktop\\ztm\\04_react\\02_Master_Project\\crwn-clothing\\client\\src\\components\\CollectionItem\\CollectionItem.js": {"path":"C:\\Users\\admin\\Desktop\\ztm\\04_react\\02_Master_Project\\crwn-clothing\\client\\src\\components\\CollectionItem\\CollectionItem.js","statementMap":{"0":{"start":{"line":14,"column":30},"end":{"line":28,"column":1}},"1":{"start":{"line":15,"column":36},"end":{"line":15,"column":40}},"2":{"start":{"line":16,"column":2},"end":{"line":27,"column":4}},"3":{"start":{"line":23,"column":32},"end":{"line":23,"column":45}},"4":{"start":{"line":30,"column":27},"end":{"line":32,"column":2}},"5":{"start":{"line":30,"column":42},"end":{"line":32,"column":1}},"6":{"start":{"line":31,"column":21},"end":{"line":31,"column":44}}},"fnMap":{"0":{"name":"(anonymous_0)","decl":{"start":{"line":14,"column":30},"end":{"line":14,"column":31}},"loc":{"start":{"line":14,"column":53},"end":{"line":28,"column":1}},"line":14},"1":{"name":"(anonymous_1)","decl":{"start":{"line":23,"column":26},"end":{"line":23,"column":27}},"loc":{"start":{"line":23,"column":32},"end":{"line":23,"column":45}},"line":23},"2":{"name":"(anonymous_2)","decl":{"start":{"line":30,"column":27},"end":{"line":30,"column":28}},"loc":{"start":{"line":30,"column":42},"end":{"line":32,"column":1}},"line":30},"3":{"name":"(anonymous_3)","decl":{"start":{"line":31,"column":11},"end":{"line":31,"column":12}},"loc":{"start":{"line":31,"column":21},"end":{"line":31,"column":44}},"line":31}},"branchMap":{},"s":{"0":3,"1":5,"2":5,"3":1,"4":3,"5":0,"6":0},"f":{"0":5,"1":1,"2":0,"3":0},"b":{},"_coverageSchema":"1a1c01bbd47fc00a2c39e90264f33305004495a9","hash":"4c1016c0eb7d29947bc80ce585483b3253c81f58"}
,"C:\\Users\\admin\\Desktop\\ztm\\04_react\\02_Master_Project\\crwn-clothing\\client\\src\\components\\CollectionItem\\CollectionItemStyles.js": {"path":"C:\\Users\\admin\\Desktop\\ztm\\04_react\\02_Master_Project\\crwn-clothing\\client\\src\\components\\CollectionItem\\CollectionItemStyles.js","statementMap":{"0":{"start":{"line":4,"column":39},"end":{"line":36,"column":1}},"1":{"start":{"line":38,"column":25},"end":{"line":51,"column":1}},"2":{"start":{"line":53,"column":0},"end":{"line":53,"column":36}},"3":{"start":{"line":55,"column":31},"end":{"line":62,"column":1}},"4":{"start":{"line":61,"column":40},"end":{"line":61,"column":58}},"5":{"start":{"line":64,"column":0},"end":{"line":64,"column":48}},"6":{"start":{"line":66,"column":41},"end":{"line":72,"column":1}},"7":{"start":{"line":74,"column":29},"end":{"line":77,"column":1}},"8":{"start":{"line":79,"column":0},"end":{"line":79,"column":44}},"9":{"start":{"line":81,"column":30},"end":{"line":84,"column":1}},"10":{"start":{"line":86,"column":0},"end":{"line":86,"column":46}}},"fnMap":{"0":{"name":"(anonymous_0)","decl":{"start":{"line":61,"column":22},"end":{"line":61,"column":23}},"loc":{"start":{"line":61,"column":40},"end":{"line":61,"column":58}},"line":61}},"branchMap":{},"s":{"0":3,"1":3,"2":3,"3":3,"4":1,"5":3,"6":3,"7":3,"8":3,"9":3,"10":3},"f":{"0":1},"b":{},"_coverageSchema":"1a1c01bbd47fc00a2c39e90264f33305004495a9","hash":"3d9a366754d98c739239905f7e622341860e96a9"}
,"C:\\Users\\admin\\Desktop\\ztm\\04_react\\02_Master_Project\\crwn-clothing\\client\\src\\components\\CollectionPreview\\CollectionPreview.js": {"path":"C:\\Users\\admin\\Desktop\\ztm\\04_react\\02_Master_Project\\crwn-clothing\\client\\src\\components\\CollectionPreview\\CollectionPreview.js","statementMap":{"0":{"start":{"line":10,"column":33},"end":{"line":23,"column":1}},"1":{"start":{"line":11,"column":2},"end":{"line":22,"column":31}},"2":{"start":{"line":12,"column":35},"end":{"line":12,"column":77}},"3":{"start":{"line":17,"column":31},"end":{"line":17,"column":38}},"4":{"start":{"line":19,"column":10},"end":{"line":19,"column":54}}},"fnMap":{"0":{"name":"(anonymous_0)","decl":{"start":{"line":10,"column":33},"end":{"line":10,"column":34}},"loc":{"start":{"line":11,"column":2},"end":{"line":22,"column":31}},"line":11},"1":{"name":"(anonymous_1)","decl":{"start":{"line":12,"column":29},"end":{"line":12,"column":30}},"loc":{"start":{"line":12,"column":35},"end":{"line":12,"column":77}},"line":12},"2":{"name":"(anonymous_2)","decl":{"start":{"line":17,"column":16},"end":{"line":17,"column":17}},"loc":{"start":{"line":17,"column":31},"end":{"line":17,"column":38}},"line":17},"3":{"name":"(anonymous_3)","decl":{"start":{"line":18,"column":13},"end":{"line":18,"column":14}},"loc":{"start":{"line":19,"column":10},"end":{"line":19,"column":54}},"line":19}},"branchMap":{},"s":{"0":2,"1":2,"2":1,"3":0,"4":0},"f":{"0":2,"1":1,"2":0,"3":0},"b":{},"_coverageSchema":"1a1c01bbd47fc00a2c39e90264f33305004495a9","hash":"77a14df6294902401f3ffa2ef27c408c028c422a"}
,"C:\\Users\\admin\\Desktop\\ztm\\04_react\\02_Master_Project\\crwn-clothing\\client\\src\\components\\CollectionPreview\\CollectionPreviewStyles.js": {"path":"C:\\Users\\admin\\Desktop\\ztm\\04_react\\02_Master_Project\\crwn-clothing\\client\\src\\components\\CollectionPreview\\CollectionPreviewStyles.js","statementMap":{"0":{"start":{"line":3,"column":42},"end":{"line":11,"column":1}},"1":{"start":{"line":13,"column":30},"end":{"line":17,"column":1}},"2":{"start":{"line":19,"column":0},"end":{"line":19,"column":46}},"3":{"start":{"line":21,"column":32},"end":{"line":30,"column":1}}},"fnMap":{},"branchMap":{},"s":{"0":2,"1":2,"2":2,"3":2},"f":{},"b":{},"_coverageSchema":"1a1c01bbd47fc00a2c39e90264f33305004495a9","hash":"9680c3444becb083c51456b923b57c386f413e35"}
,"C:\\Users\\admin\\Desktop\\ztm\\04_react\\02_Master_Project\\crwn-clothing\\client\\src\\components\\FormInput\\FormInput.js": {"path":"C:\\Users\\admin\\Desktop\\ztm\\04_react\\02_Master_Project\\crwn-clothing\\client\\src\\components\\FormInput\\FormInput.js","statementMap":{"0":{"start":{"line":3,"column":25},"end":{"line":8,"column":1}},"1":{"start":{"line":4,"column":2},"end":{"line":7,"column":19}}},"fnMap":{"0":{"name":"(anonymous_0)","decl":{"start":{"line":3,"column":25},"end":{"line":3,"column":26}},"loc":{"start":{"line":4,"column":2},"end":{"line":7,"column":19}},"line":4}},"branchMap":{"0":{"loc":{"start":{"line":6,"column":5},"end":{"line":6,"column":60}},"type":"cond-expr","locations":[{"start":{"line":6,"column":13},"end":{"line":6,"column":53}},{"start":{"line":6,"column":56},"end":{"line":6,"column":60}}],"line":6}},"s":{"0":1,"1":5},"f":{"0":5},"b":{"0":[4,1]},"_coverageSchema":"1a1c01bbd47fc00a2c39e90264f33305004495a9","hash":"0a17e824f18eb2a706f2b87dce42803f66ecd787"}
,"C:\\Users\\admin\\Desktop\\ztm\\04_react\\02_Master_Project\\crwn-clothing\\client\\src\\components\\FormInput\\FormInputStyles.js": {"path":"C:\\Users\\admin\\Desktop\\ztm\\04_react\\02_Master_Project\\crwn-clothing\\client\\src\\components\\FormInput\\FormInputStyles.js","statementMap":{"0":{"start":{"line":3,"column":17},"end":{"line":3,"column":23}},"1":{"start":{"line":4,"column":18},"end":{"line":4,"column":25}},"2":{"start":{"line":6,"column":26},"end":{"line":10,"column":1}},"3":{"start":{"line":12,"column":30},"end":{"line":19,"column":1}},"4":{"start":{"line":21,"column":34},"end":{"line":41,"column":1}},"5":{"start":{"line":43,"column":0},"end":{"line":43,"column":54}},"6":{"start":{"line":45,"column":30},"end":{"line":58,"column":1}},"7":{"start":{"line":60,"column":0},"end":{"line":60,"column":46}}},"fnMap":{},"branchMap":{},"s":{"0":1,"1":1,"2":1,"3":1,"4":1,"5":1,"6":1,"7":1},"f":{},"b":{},"_coverageSchema":"1a1c01bbd47fc00a2c39e90264f33305004495a9","hash":"1d46e434e0c002dc6a40ce7a0046eecb84c736cd"}
,"C:\\Users\\admin\\Desktop\\ztm\\04_react\\02_Master_Project\\crwn-clothing\\client\\src\\components\\Header\\Header.js": {"path":"C:\\Users\\admin\\Desktop\\ztm\\04_react\\02_Master_Project\\crwn-clothing\\client\\src\\components\\Header\\Header.js","statementMap":{"0":{"start":{"line":13,"column":22},"end":{"line":32,"column":1}},"1":{"start":{"line":14,"column":2},"end":{"line":31,"column":20}},"2":{"start":{"line":34,"column":24},"end":{"line":37,"column":2}},"3":{"start":{"line":39,"column":27},"end":{"line":41,"column":2}},"4":{"start":{"line":39,"column":42},"end":{"line":41,"column":1}},"5":{"start":{"line":40,"column":22},"end":{"line":40,"column":46}}},"fnMap":{"0":{"name":"(anonymous_0)","decl":{"start":{"line":13,"column":22},"end":{"line":13,"column":23}},"loc":{"start":{"line":14,"column":2},"end":{"line":31,"column":20}},"line":14},"1":{"name":"(anonymous_1)","decl":{"start":{"line":39,"column":27},"end":{"line":39,"column":28}},"loc":{"start":{"line":39,"column":42},"end":{"line":41,"column":1}},"line":39},"2":{"name":"(anonymous_2)","decl":{"start":{"line":40,"column":16},"end":{"line":40,"column":17}},"loc":{"start":{"line":40,"column":22},"end":{"line":40,"column":46}},"line":40}},"branchMap":{"0":{"loc":{"start":{"line":21,"column":7},"end":{"line":27,"column":7}},"type":"cond-expr","locations":[{"start":{"line":22,"column":8},"end":{"line":24,"column":21}},{"start":{"line":26,"column":8},"end":{"line":26,"column":53}}],"line":21},"1":{"loc":{"start":{"line":30,"column":5},"end":{"line":30,"column":37}},"type":"cond-expr","locations":[{"start":{"line":30,"column":14},"end":{"line":30,"column":18}},{"start":{"line":30,"column":21},"end":{"line":30,"column":37}}],"line":30}},"s":{"0":1,"1":7,"2":1,"3":1,"4":0,"5":0},"f":{"0":7,"1":0,"2":0},"b":{"0":[5,2],"1":[6,1]},"_coverageSchema":"1a1c01bbd47fc00a2c39e90264f33305004495a9","hash":"d8fe195d9a3961c12aa408a4340b9a93d1cdd4d3"}
,"C:\\Users\\admin\\Desktop\\ztm\\04_react\\02_Master_Project\\crwn-clothing\\client\\src\\components\\Header\\HeaderStyles.js": {"path":"C:\\Users\\admin\\Desktop\\ztm\\04_react\\02_Master_Project\\crwn-clothing\\client\\src\\components\\Header\\HeaderStyles.js","statementMap":{"0":{"start":{"line":4,"column":31},"end":{"line":16,"column":1}},"1":{"start":{"line":18,"column":29},"end":{"line":27,"column":1}},"2":{"start":{"line":29,"column":32},"end":{"line":39,"column":1}},"3":{"start":{"line":41,"column":26},"end":{"line":44,"column":1}},"4":{"start":{"line":46,"column":0},"end":{"line":46,"column":38}}},"fnMap":{},"branchMap":{},"s":{"0":1,"1":1,"2":1,"3":1,"4":1},"f":{},"b":{},"_coverageSchema":"1a1c01bbd47fc00a2c39e90264f33305004495a9","hash":"00f66e1461fef756882eb00a7435d9162c4ae0d2"}
,"C:\\Users\\admin\\Desktop\\ztm\\04_react\\02_Master_Project\\crwn-clothing\\client\\src\\components\\MenuItem\\MenuItemStyles.js": {"path":"C:\\Users\\admin\\Desktop\\ztm\\04_react\\02_Master_Project\\crwn-clothing\\client\\src\\components\\MenuItem\\MenuItemStyles.js","statementMap":{"0":{"start":{"line":3,"column":33},"end":{"line":38,"column":1}},"1":{"start":{"line":5,"column":27},"end":{"line":5,"column":51}},"2":{"start":{"line":40,"column":0},"end":{"line":40,"column":52}},"3":{"start":{"line":42,"column":40},"end":{"line":48,"column":1}},"4":{"start":{"line":47,"column":40},"end":{"line":47,"column":58}},"5":{"start":{"line":50,"column":0},"end":{"line":50,"column":66}},"6":{"start":{"line":52,"column":32},"end":{"line":63,"column":1}},"7":{"start":{"line":65,"column":28},"end":{"line":70,"column":1}},"8":{"start":{"line":72,"column":31},"end":{"line":75,"column":1}}},"fnMap":{"0":{"name":"(anonymous_0)","decl":{"start":{"line":5,"column":12},"end":{"line":5,"column":13}},"loc":{"start":{"line":5,"column":27},"end":{"line":5,"column":51}},"line":5},"1":{"name":"(anonymous_1)","decl":{"start":{"line":47,"column":22},"end":{"line":47,"column":23}},"loc":{"start":{"line":47,"column":40},"end":{"line":47,"column":58}},"line":47}},"branchMap":{"0":{"loc":{"start":{"line":5,"column":27},"end":{"line":5,"column":51}},"type":"cond-expr","locations":[{"start":{"line":5,"column":34},"end":{"line":5,"column":41}},{"start":{"line":5,"column":44},"end":{"line":5,"column":51}}],"line":5}},"s":{"0":2,"1":1,"2":2,"3":2,"4":1,"5":2,"6":2,"7":2,"8":2},"f":{"0":1,"1":1},"b":{"0":[1,0]},"_coverageSchema":"1a1c01bbd47fc00a2c39e90264f33305004495a9","hash":"d0c02ff67f912bf77741c4eaf4198f8cc0526703"}
,"C:\\Users\\admin\\Desktop\\ztm\\04_react\\02_Master_Project\\crwn-clothing\\client\\src\\redux\\cart\\cartActions.js": {"path":"C:\\Users\\admin\\Desktop\\ztm\\04_react\\02_Master_Project\\crwn-clothing\\client\\src\\redux\\cart\\cartActions.js","statementMap":{"0":{"start":{"line":3,"column":32},"end":{"line":5,"column":2}},"1":{"start":{"line":3,"column":39},"end":{"line":5,"column":1}},"2":{"start":{"line":7,"column":23},"end":{"line":10,"column":2}},"3":{"start":{"line":7,"column":34},"end":{"line":10,"column":1}},"4":{"start":{"line":12,"column":26},"end":{"line":15,"column":2}},"5":{"start":{"line":12,"column":37},"end":{"line":15,"column":1}},"6":{"start":{"line":17,"column":33},"end":{"line":20,"column":2}},"7":{"start":{"line":17,"column":44},"end":{"line":20,"column":1}},"8":{"start":{"line":22,"column":25},"end":{"line":24,"column":2}},"9":{"start":{"line":22,"column":32},"end":{"line":24,"column":1}},"10":{"start":{"line":26,"column":36},"end":{"line":28,"column":2}},"11":{"start":{"line":26,"column":43},"end":{"line":28,"column":1}},"12":{"start":{"line":30,"column":35},"end":{"line":33,"column":2}},"13":{"start":{"line":30,"column":51},"end":{"line":33,"column":1}}},"fnMap":{"0":{"name":"(anonymous_0)","decl":{"start":{"line":3,"column":32},"end":{"line":3,"column":33}},"loc":{"start":{"line":3,"column":39},"end":{"line":5,"column":1}},"line":3},"1":{"name":"(anonymous_1)","decl":{"start":{"line":7,"column":23},"end":{"line":7,"column":24}},"loc":{"start":{"line":7,"column":34},"end":{"line":10,"column":1}},"line":7},"2":{"name":"(anonymous_2)","decl":{"start":{"line":12,"column":26},"end":{"line":12,"column":27}},"loc":{"start":{"line":12,"column":37},"end":{"line":15,"column":1}},"line":12},"3":{"name":"(anonymous_3)","decl":{"start":{"line":17,"column":33},"end":{"line":17,"column":34}},"loc":{"start":{"line":17,"column":44},"end":{"line":20,"column":1}},"line":17},"4":{"name":"(anonymous_4)","decl":{"start":{"line":22,"column":25},"end":{"line":22,"column":26}},"loc":{"start":{"line":22,"column":32},"end":{"line":24,"column":1}},"line":22},"5":{"name":"(anonymous_5)","decl":{"start":{"line":26,"column":36},"end":{"line":26,"column":37}},"loc":{"start":{"line":26,"column":43},"end":{"line":28,"column":1}},"line":26},"6":{"name":"(anonymous_6)","decl":{"start":{"line":30,"column":35},"end":{"line":30,"column":36}},"loc":{"start":{"line":30,"column":51},"end":{"line":33,"column":1}},"line":30}},"branchMap":{},"s":{"0":7,"1":2,"2":7,"3":0,"4":7,"5":0,"6":7,"7":0,"8":7,"9":0,"10":7,"11":0,"12":7,"13":0},"f":{"0":2,"1":0,"2":0,"3":0,"4":0,"5":0,"6":0},"b":{},"_coverageSchema":"1a1c01bbd47fc00a2c39e90264f33305004495a9","hash":"3f0dbc09620318ed321cf6f5c34fcd366fc40195"}
}
