{"C:\\Users\\admin\\Desktop\\ztm\\04_react\\02_Master_Project\\crwn-clothing\\client\\src\\components\\Spinner\\Spiiner.js": {"path":"C:\\Users\\admin\\Desktop\\ztm\\04_react\\02_Master_Project\\crwn-clothing\\client\\src\\components\\Spinner\\Spiiner.js","statementMap":{"0":{"start":{"line":3,"column":23},"end":{"line":7,"column":1}},"1":{"start":{"line":4,"column":2},"end":{"line":6,"column":19}}},"fnMap":{"0":{"name":"(anonymous_0)","decl":{"start":{"line":3,"column":23},"end":{"line":3,"column":24}},"loc":{"start":{"line":4,"column":2},"end":{"line":6,"column":19}},"line":4}},"branchMap":{},"s":{"0":1,"1":0},"f":{"0":0},"b":{},"_coverageSchema":"1a1c01bbd47fc00a2c39e90264f33305004495a9","hash":"b89b40cd83b65029d28b9da1a6cd580762fa511b"}
,"C:\\Users\\admin\\Desktop\\ztm\\04_react\\02_Master_Project\\crwn-clothing\\client\\src\\components\\Spinner\\SpinnerStyles.js": {"path":"C:\\Users\\admin\\Desktop\\ztm\\04_react\\02_Master_Project\\crwn-clothing\\client\\src\\components\\Spinner\\SpinnerStyles.js","statementMap":{"0":{"start":{"line":3,"column":30},"end":{"line":9,"column":1}},"1":{"start":{"line":11,"column":0},"end":{"line":11,"column":46}},"2":{"start":{"line":13,"column":32},"end":{"line":32,"column":1}},"3":{"start":{"line":34,"column":0},"end":{"line":34,"column":50}}},"fnMap":{},"branchMap":{},"s":{"0":1,"1":1,"2":1,"3":1},"f":{},"b":{},"_coverageSchema":"1a1c01bbd47fc00a2c39e90264f33305004495a9","hash":"5925f35250b2be344aef2fd71d5ddfb311de13a7"}
,"C:\\Users\\admin\\Desktop\\ztm\\04_react\\02_Master_Project\\crwn-clothing\\client\\src\\components\\WithSpinner\\WithSpinner.js": {"path":"C:\\Users\\admin\\Desktop\\ztm\\04_react\\02_Master_Project\\crwn-clothing\\client\\src\\components\\WithSpinner\\WithSpinner.js","statementMap":{"0":{"start":{"line":3,"column":27},"end":{"line":5,"column":1}},"1":{"start":{"line":3,"column":49},"end":{"line":5,"column":1}},"2":{"start":{"line":4,"column":2},"end":{"line":4,"column":72}}},"fnMap":{"0":{"name":"(anonymous_0)","decl":{"start":{"line":3,"column":27},"end":{"line":3,"column":28}},"loc":{"start":{"line":3,"column":49},"end":{"line":5,"column":1}},"line":3},"1":{"name":"(anonymous_1)","decl":{"start":{"line":3,"column":49},"end":{"line":3,"column":50}},"loc":{"start":{"line":3,"column":83},"end":{"line":5,"column":1}},"line":3}},"branchMap":{"0":{"loc":{"start":{"line":4,"column":9},"end":{"line":4,"column":71}},"type":"cond-expr","locations":[{"start":{"line":4,"column":21},"end":{"line":4,"column":32}},{"start":{"line":4,"column":35},"end":{"line":4,"column":71}}],"line":4}},"s":{"0":1,"1":1,"2":3},"f":{"0":1,"1":3},"b":{"0":[1,2]},"_coverageSchema":"1a1c01bbd47fc00a2c39e90264f33305004495a9","hash":"997a40f27aecf61dee59713a0b41d7b55b55317c"}
}
