TN:
SF:src\components\CartDropdown\CartDropdown.js
FN:16,(anonymous_0)
FN:20,(anonymous_1)
FN:28,(anonymous_2)
FNF:3
FNH:3
FNDA:5,(anonymous_0)
FNDA:12,(anonymous_1)
FNDA:1,(anonymous_2)
DA:16,2
DA:17,5
DA:20,12
DA:29,1
DA:30,1
DA:37,2
LF:6
LH:6
BRDA:19,0,0,4
BRDA:19,0,1,1
BRF:2
BRH:2
end_of_record
TN:
SF:src\components\CartDropdown\CartDropdownStyles.js
FNF:0
FNH:0
DA:5,2
DA:19,2
DA:23,2
DA:25,2
DA:30,2
DA:32,2
LF:6
LH:6
BRF:0
BRH:0
end_of_record
TN:
SF:src\components\CartIcon\CartIcon.js
FN:9,(anonymous_0)
FN:16,(anonymous_1)
FN:17,(anonymous_2)
FNF:3
FNH:1
FNDA:3,(anonymous_0)
FNDA:0,(anonymous_1)
FNDA:0,(anonymous_2)
DA:9,2
DA:10,3
DA:16,2
DA:17,0
DA:20,2
LF:5
LH:4
BRF:0
BRH:0
end_of_record
TN:
SF:src\components\CartIcon\CartIconStyled.js
FNF:0
FNH:0
DA:5,2
DA:15,2
DA:17,2
DA:22,2
DA:29,2
LF:5
LH:5
BRF:0
BRH:0
end_of_record
TN:
SF:src\components\CartItem\CartItem.js
FN:4,(anonymous_0)
FNF:1
FNH:1
FNDA:4,(anonymous_0)
DA:4,3
DA:5,4
LF:2
LH:2
BRF:0
BRH:0
end_of_record
TN:
SF:src\components\CheckoutItem\CheckoutItem.js
FN:13,(anonymous_0)
FN:23,(anonymous_1)
FN:25,(anonymous_2)
FN:28,(anonymous_3)
FN:33,(anonymous_4)
FN:34,(anonymous_5)
FN:35,(anonymous_6)
FN:36,(anonymous_7)
FNF:8
FNH:4
FNDA:4,(anonymous_0)
FNDA:1,(anonymous_1)
FNDA:1,(anonymous_2)
FNDA:1,(anonymous_3)
FNDA:0,(anonymous_4)
FNDA:0,(anonymous_5)
FNDA:0,(anonymous_6)
FNDA:0,(anonymous_7)
DA:13,1
DA:14,4
DA:16,4
DA:23,1
DA:25,1
DA:28,1
DA:33,1
DA:34,0
DA:35,0
DA:36,0
LF:10
LH:7
BRF:0
BRH:0
end_of_record
TN:
SF:src\components\CheckoutItem\CheckoutItemStyles.js
FNF:0
FNH:0
DA:3,1
DA:17,1
DA:27,1
DA:35,1
DA:48,1
DA:50,1
DA:55,1
LF:7
LH:7
BRF:0
BRH:0
end_of_record
TN:
SF:src\components\CollectionItem\CollectionItem.js
FN:14,(anonymous_0)
FN:23,(anonymous_1)
FN:30,(anonymous_2)
FN:31,(anonymous_3)
FNF:4
FNH:2
FNDA:5,(anonymous_0)
FNDA:1,(anonymous_1)
FNDA:0,(anonymous_2)
FNDA:0,(anonymous_3)
DA:14,3
DA:15,5
DA:16,5
DA:23,1
DA:30,3
DA:31,0
LF:6
LH:5
BRF:0
BRH:0
end_of_record
TN:
SF:src\components\CollectionItem\CollectionItemStyles.js
FN:61,(anonymous_0)
FNF:1
FNH:1
FNDA:1,(anonymous_0)
DA:4,3
DA:38,3
DA:53,3
DA:55,3
DA:61,1
DA:64,3
DA:66,3
DA:74,3
DA:79,3
DA:81,3
DA:86,3
LF:11
LH:11
BRF:0
BRH:0
end_of_record
TN:
SF:src\components\CollectionPreview\CollectionPreview.js
FN:10,(anonymous_0)
FN:12,(anonymous_1)
FN:17,(anonymous_2)
FN:18,(anonymous_3)
FNF:4
FNH:2
FNDA:2,(anonymous_0)
FNDA:1,(anonymous_1)
FNDA:0,(anonymous_2)
FNDA:0,(anonymous_3)
DA:10,2
DA:11,2
DA:12,1
DA:17,0
DA:19,0
LF:5
LH:3
BRF:0
BRH:0
end_of_record
TN:
SF:src\components\CollectionPreview\CollectionPreviewStyles.js
FNF:0
FNH:0
DA:3,2
DA:13,2
DA:19,2
DA:21,2
LF:4
LH:4
BRF:0
BRH:0
end_of_record
TN:
SF:src\components\FormInput\FormInput.js
FN:3,(anonymous_0)
FNF:1
FNH:1
FNDA:5,(anonymous_0)
DA:3,1
DA:4,5
LF:2
LH:2
BRDA:6,0,0,4
BRDA:6,0,1,1
BRF:2
BRH:2
end_of_record
TN:
SF:src\components\FormInput\FormInputStyles.js
FNF:0
FNH:0
DA:3,1
DA:4,1
DA:6,1
DA:12,1
DA:21,1
DA:43,1
DA:45,1
DA:60,1
LF:8
LH:8
BRF:0
BRH:0
end_of_record
TN:
SF:src\components\Header\Header.js
FN:13,(anonymous_0)
FN:39,(anonymous_1)
FN:40,(anonymous_2)
FNF:3
FNH:1
FNDA:7,(anonymous_0)
FNDA:0,(anonymous_1)
FNDA:0,(anonymous_2)
DA:13,1
DA:14,7
DA:34,1
DA:39,1
DA:40,0
LF:5
LH:4
BRDA:21,0,0,5
BRDA:21,0,1,2
BRDA:30,1,0,6
BRDA:30,1,1,1
BRF:4
BRH:4
end_of_record
TN:
SF:src\components\Header\HeaderStyles.js
FNF:0
FNH:0
DA:4,1
DA:18,1
DA:29,1
DA:41,1
DA:46,1
LF:5
LH:5
BRF:0
BRH:0
end_of_record
TN:
SF:src\components\MenuItem\MenuItemStyles.js
FN:5,(anonymous_0)
FN:47,(anonymous_1)
FNF:2
FNH:2
FNDA:1,(anonymous_0)
FNDA:1,(anonymous_1)
DA:3,2
DA:5,1
DA:40,2
DA:42,2
DA:47,1
DA:50,2
DA:52,2
DA:65,2
DA:72,2
LF:9
LH:9
BRDA:5,0,0,1
BRDA:5,0,1,0
BRF:2
BRH:1
end_of_record
TN:
SF:src\redux\cart\cartActions.js
FN:3,(anonymous_0)
FN:7,(anonymous_1)
FN:12,(anonymous_2)
FN:17,(anonymous_3)
FN:22,(anonymous_4)
FN:26,(anonymous_5)
FN:30,(anonymous_6)
FNF:7
FNH:1
FNDA:2,(anonymous_0)
FNDA:0,(anonymous_1)
FNDA:0,(anonymous_2)
FNDA:0,(anonymous_3)
FNDA:0,(anonymous_4)
FNDA:0,(anonymous_5)
FNDA:0,(anonymous_6)
DA:3,7
DA:7,7
DA:12,7
DA:17,7
DA:22,7
DA:26,7
DA:30,7
LF:7
LH:7
BRF:0
BRH:0
end_of_record
